{"level":"info","message":"Hello from Acquisitions !","service":"acquisitions-api"}
{"level":"info","message":"::1 - - [21/Oct/2025:11:04:33 +0000] \"GET / HTTP/1.1\" 304 - \"-\" \"Mozilla/5.0 (Windows NT 10.0; Win64; x64) AppleWebKit/537.36 (KHTML, like Gecko) Chrome/141.0.0.0 Safari/537.36\"","service":"acquisitions-api"}
{"level":"info","message":"::1 - - [21/Oct/2025:11:04:34 +0000] \"GET /favicon.ico HTTP/1.1\" 404 150 \"-\" \"Mozilla/5.0 (Windows NT 10.0; Win64; x64) AppleWebKit/537.36 (KHTML, like Gecko) Chrome/141.0.0.0 Safari/537.36\"","service":"acquisitions-api"}
{"level":"info","message":"Hello from Acquisitions !","service":"acquisitions-api"}
{"level":"info","message":"::1 - - [21/Oct/2025:14:36:49 +0000] \"GET / HTTP/1.1\" 200 25 \"-\" \"HTTPie\"","service":"acquisitions-api"}
{"level":"info","message":"Hello from Acquisitions !","service":"acquisitions-api"}
{"level":"info","message":"::1 - - [21/Oct/2025:14:37:07 +0000] \"GET / HTTP/1.1\" 200 25 \"-\" \"HTTPie\"","service":"acquisitions-api"}
{"level":"info","message":"Hello from Acquisitions !","service":"acquisitions-api"}
{"level":"info","message":"::1 - - [21/Oct/2025:14:37:08 +0000] \"GET / HTTP/1.1\" 200 25 \"-\" \"HTTPie\"","service":"acquisitions-api"}
{"level":"info","message":"::1 - - [21/Oct/2025:14:37:12 +0000] \"GET /api HTTP/1.1\" 200 41 \"-\" \"HTTPie\"","service":"acquisitions-api"}
{"level":"info","message":"::1 - - [21/Oct/2025:14:37:26 +0000] \"GET /healt HTTP/1.1\" 404 144 \"-\" \"HTTPie\"","service":"acquisitions-api"}
{"level":"info","message":"::1 - - [21/Oct/2025:14:37:31 +0000] \"GET /health HTTP/1.1\" 200 75 \"-\" \"HTTPie\"","service":"acquisitions-api"}
{"level":"info","message":"::1 - - [21/Oct/2025:14:38:19 +0000] \"POST /api/auth/sign-in HTTP/1.1\" 200 31 \"-\" \"HTTPie\"","service":"acquisitions-api"}
{"level":"info","message":"::1 - - [21/Oct/2025:21:48:18 +0000] \"POST /api/auth/sign-up HTTP/1.1\" 200 31 \"-\" \"HTTPie\"","service":"acquisitions-api"}
{"level":"info","message":"::1 - - [21/Oct/2025:21:51:19 +0000] \"POST /api/auth/sign-up HTTP/1.1\" 400 92 \"-\" \"HTTPie\"","service":"acquisitions-api"}
{"level":"info","message":"::1 - - [21/Oct/2025:21:52:17 +0000] \"POST /api/auth/sign-up HTTP/1.1\" 400 144 \"-\" \"HTTPie\"","service":"acquisitions-api"}
{"level":"info","message":"::1 - - [21/Oct/2025:21:52:38 +0000] \"POST /api/auth/sign-up HTTP/1.1\" 400 91 \"-\" \"HTTPie\"","service":"acquisitions-api"}
{"level":"info","message":"User registration successfully : nbg@example.com","service":"acquisitions-api"}
{"level":"info","message":"::1 - - [21/Oct/2025:21:52:48 +0000] \"POST /api/auth/sign-up HTTP/1.1\" 201 92 \"-\" \"HTTPie\"","service":"acquisitions-api"}
{"level":"error","message":"Error hashing password:  Illegal arguments: undefined, number","service":"acquisitions-api","stack":"Error: Illegal arguments: undefined, number\n    at _async (file:///C:/Users/khalid/OneDrive/Desktop/acquisitions/node_modules/bcryptjs/index.js:183:11)\n    at file:///C:/Users/khalid/OneDrive/Desktop/acquisitions/node_modules/bcryptjs/index.js:194:7\n    at new Promise (<anonymous>)\n    at Object.hash (file:///C:/Users/khalid/OneDrive/Desktop/acquisitions/node_modules/bcryptjs/index.js:193:12)\n    at hashPassword (file:///C:/Users/khalid/OneDrive/Desktop/acquisitions/src/services/auth.service.js:9:25)\n    at createUser (file:///C:/Users/khalid/OneDrive/Desktop/acquisitions/src/services/auth.service.js:26:33)\n    at signup (file:///C:/Users/khalid/OneDrive/Desktop/acquisitions/src/controller/auth.controller.js:21:24)\n    at Layer.handleRequest (C:\\Users\\khalid\\OneDrive\\Desktop\\acquisitions\\node_modules\\router\\lib\\layer.js:152:17)\n    at next (C:\\Users\\khalid\\OneDrive\\Desktop\\acquisitions\\node_modules\\router\\lib\\route.js:157:13)\n    at Route.dispatch (C:\\Users\\khalid\\OneDrive\\Desktop\\acquisitions\\node_modules\\router\\lib\\route.js:117:3)"}
{"level":"error","message":"Error creating user:  Password hashing failed","service":"acquisitions-api","stack":"Error: Password hashing failed\n    at hashPassword (file:///C:/Users/khalid/OneDrive/Desktop/acquisitions/src/services/auth.service.js:12:11)\n    at async createUser (file:///C:/Users/khalid/OneDrive/Desktop/acquisitions/src/services/auth.service.js:26:27)\n    at async signup (file:///C:/Users/khalid/OneDrive/Desktop/acquisitions/src/controller/auth.controller.js:21:18)"}
{"level":"error","message":"Signup error:  User creation failed","service":"acquisitions-api","stack":"Error: User creation failed\n    at createUser (file:///C:/Users/khalid/OneDrive/Desktop/acquisitions/src/services/auth.service.js:48:11)\n    at async signup (file:///C:/Users/khalid/OneDrive/Desktop/acquisitions/src/controller/auth.controller.js:21:18)"}
{"level":"info","message":"::1 - - [21/Oct/2025:22:16:12 +0000] \"POST /api/auth/sign-up HTTP/1.1\" 500 405 \"-\" \"HTTPie\"","service":"acquisitions-api"}
{"level":"error","message":"Error hashing password:  Illegal arguments: undefined, number","service":"acquisitions-api","stack":"Error: Illegal arguments: undefined, number\n    at _async (file:///C:/Users/khalid/OneDrive/Desktop/acquisitions/node_modules/bcryptjs/index.js:183:11)\n    at file:///C:/Users/khalid/OneDrive/Desktop/acquisitions/node_modules/bcryptjs/index.js:194:7\n    at new Promise (<anonymous>)\n    at Object.hash (file:///C:/Users/khalid/OneDrive/Desktop/acquisitions/node_modules/bcryptjs/index.js:193:12)\n    at hashPassword (file:///C:/Users/khalid/OneDrive/Desktop/acquisitions/src/services/auth.service.js:9:25)\n    at createUser (file:///C:/Users/khalid/OneDrive/Desktop/acquisitions/src/services/auth.service.js:26:33)\n    at signup (file:///C:/Users/khalid/OneDrive/Desktop/acquisitions/src/controller/auth.controller.js:21:24)\n    at Layer.handleRequest (C:\\Users\\khalid\\OneDrive\\Desktop\\acquisitions\\node_modules\\router\\lib\\layer.js:152:17)\n    at next (C:\\Users\\khalid\\OneDrive\\Desktop\\acquisitions\\node_modules\\router\\lib\\route.js:157:13)\n    at Route.dispatch (C:\\Users\\khalid\\OneDrive\\Desktop\\acquisitions\\node_modules\\router\\lib\\route.js:117:3)"}
{"level":"error","message":"Error creating user:  Password hashing failed","service":"acquisitions-api","stack":"Error: Password hashing failed\n    at hashPassword (file:///C:/Users/khalid/OneDrive/Desktop/acquisitions/src/services/auth.service.js:12:11)\n    at async createUser (file:///C:/Users/khalid/OneDrive/Desktop/acquisitions/src/services/auth.service.js:26:27)\n    at async signup (file:///C:/Users/khalid/OneDrive/Desktop/acquisitions/src/controller/auth.controller.js:21:18)"}
{"level":"error","message":"Signup error:  User creation failed","service":"acquisitions-api","stack":"Error: User creation failed\n    at createUser (file:///C:/Users/khalid/OneDrive/Desktop/acquisitions/src/services/auth.service.js:48:11)\n    at async signup (file:///C:/Users/khalid/OneDrive/Desktop/acquisitions/src/controller/auth.controller.js:21:18)"}
{"level":"info","message":"::1 - - [21/Oct/2025:22:17:07 +0000] \"POST /api/auth/sign-up HTTP/1.1\" 500 405 \"-\" \"HTTPie\"","service":"acquisitions-api"}
{"level":"error","message":"Error creating user:  Cannot convert undefined or null to object","service":"acquisitions-api","stack":"TypeError: Cannot convert undefined or null to object\n    at Function.entries (<anonymous>)\n    at orderSelectedFields (file:///C:/Users/khalid/OneDrive/Desktop/acquisitions/node_modules/drizzle-orm/utils.js:53:17)\n    at file:///C:/Users/khalid/OneDrive/Desktop/acquisitions/node_modules/drizzle-orm/utils.js:63:22\n    at Array.reduce (<anonymous>)\n    at orderSelectedFields (file:///C:/Users/khalid/OneDrive/Desktop/acquisitions/node_modules/drizzle-orm/utils.js:53:33)\n    at QueryPromise.returning (file:///C:/Users/khalid/OneDrive/Desktop/acquisitions/node_modules/drizzle-orm/pg-core/query-builders/insert.js:75:29)\n    at createUser (file:///C:/Users/khalid/OneDrive/Desktop/acquisitions/src/services/auth.service.js:36:8)\n    at async signup (file:///C:/Users/khalid/OneDrive/Desktop/acquisitions/src/controller/auth.controller.js:21:18)"}
{"level":"error","message":"Signup error:  User creation failed","service":"acquisitions-api","stack":"Error: User creation failed\n    at createUser (file:///C:/Users/khalid/OneDrive/Desktop/acquisitions/src/services/auth.service.js:48:11)\n    at async signup (file:///C:/Users/khalid/OneDrive/Desktop/acquisitions/src/controller/auth.controller.js:21:18)"}
{"level":"info","message":"::1 - - [21/Oct/2025:22:18:33 +0000] \"POST /api/auth/sign-up HTTP/1.1\" 500 405 \"-\" \"HTTPie\"","service":"acquisitions-api"}
{"level":"error","message":"Error creating user:  Cannot convert undefined or null to object","service":"acquisitions-api","stack":"TypeError: Cannot convert undefined or null to object\n    at Function.entries (<anonymous>)\n    at orderSelectedFields (file:///C:/Users/khalid/OneDrive/Desktop/acquisitions/node_modules/drizzle-orm/utils.js:53:17)\n    at file:///C:/Users/khalid/OneDrive/Desktop/acquisitions/node_modules/drizzle-orm/utils.js:63:22\n    at Array.reduce (<anonymous>)\n    at orderSelectedFields (file:///C:/Users/khalid/OneDrive/Desktop/acquisitions/node_modules/drizzle-orm/utils.js:53:33)\n    at QueryPromise.returning (file:///C:/Users/khalid/OneDrive/Desktop/acquisitions/node_modules/drizzle-orm/pg-core/query-builders/insert.js:75:29)\n    at createUser (file:///C:/Users/khalid/OneDrive/Desktop/acquisitions/src/services/auth.service.js:36:8)\n    at async signup (file:///C:/Users/khalid/OneDrive/Desktop/acquisitions/src/controller/auth.controller.js:21:18)"}
{"level":"error","message":"Signup error:  User creation failed","service":"acquisitions-api","stack":"Error: User creation failed\n    at createUser (file:///C:/Users/khalid/OneDrive/Desktop/acquisitions/src/services/auth.service.js:48:11)\n    at async signup (file:///C:/Users/khalid/OneDrive/Desktop/acquisitions/src/controller/auth.controller.js:21:18)"}
{"level":"info","message":"::1 - - [21/Oct/2025:22:20:46 +0000] \"POST /api/auth/sign-up HTTP/1.1\" 500 405 \"-\" \"HTTPie\"","service":"acquisitions-api"}
{"level":"error","message":"Error creating user:  Cannot convert undefined or null to object","service":"acquisitions-api","stack":"TypeError: Cannot convert undefined or null to object\n    at Function.entries (<anonymous>)\n    at orderSelectedFields (file:///C:/Users/khalid/OneDrive/Desktop/acquisitions/node_modules/drizzle-orm/utils.js:53:17)\n    at file:///C:/Users/khalid/OneDrive/Desktop/acquisitions/node_modules/drizzle-orm/utils.js:63:22\n    at Array.reduce (<anonymous>)\n    at orderSelectedFields (file:///C:/Users/khalid/OneDrive/Desktop/acquisitions/node_modules/drizzle-orm/utils.js:53:33)\n    at QueryPromise.returning (file:///C:/Users/khalid/OneDrive/Desktop/acquisitions/node_modules/drizzle-orm/pg-core/query-builders/insert.js:75:29)\n    at createUser (file:///C:/Users/khalid/OneDrive/Desktop/acquisitions/src/services/auth.service.js:36:8)\n    at async signup (file:///C:/Users/khalid/OneDrive/Desktop/acquisitions/src/controller/auth.controller.js:21:18)"}
{"level":"error","message":"Signup error:  User creation failed","service":"acquisitions-api","stack":"Error: User creation failed\n    at createUser (file:///C:/Users/khalid/OneDrive/Desktop/acquisitions/src/services/auth.service.js:48:11)\n    at async signup (file:///C:/Users/khalid/OneDrive/Desktop/acquisitions/src/controller/auth.controller.js:21:18)"}
{"level":"info","message":"::1 - - [21/Oct/2025:22:23:03 +0000] \"POST /api/auth/sign-up HTTP/1.1\" 500 405 \"-\" \"HTTPie\"","service":"acquisitions-api"}
{"level":"error","message":"Error creating user:  Cannot convert undefined or null to object","service":"acquisitions-api","stack":"TypeError: Cannot convert undefined or null to object\n    at Function.entries (<anonymous>)\n    at orderSelectedFields (file:///C:/Users/khalid/OneDrive/Desktop/acquisitions/node_modules/drizzle-orm/utils.js:53:17)\n    at file:///C:/Users/khalid/OneDrive/Desktop/acquisitions/node_modules/drizzle-orm/utils.js:63:22\n    at Array.reduce (<anonymous>)\n    at orderSelectedFields (file:///C:/Users/khalid/OneDrive/Desktop/acquisitions/node_modules/drizzle-orm/utils.js:53:33)\n    at QueryPromise.returning (file:///C:/Users/khalid/OneDrive/Desktop/acquisitions/node_modules/drizzle-orm/pg-core/query-builders/insert.js:75:29)\n    at createUser (file:///C:/Users/khalid/OneDrive/Desktop/acquisitions/src/services/auth.service.js:36:8)\n    at async signup (file:///C:/Users/khalid/OneDrive/Desktop/acquisitions/src/controller/auth.controller.js:21:18)"}
{"level":"error","message":"Signup error:  User creation failed","service":"acquisitions-api","stack":"Error: User creation failed\n    at createUser (file:///C:/Users/khalid/OneDrive/Desktop/acquisitions/src/services/auth.service.js:48:11)\n    at async signup (file:///C:/Users/khalid/OneDrive/Desktop/acquisitions/src/controller/auth.controller.js:21:18)"}
{"level":"info","message":"::1 - - [21/Oct/2025:22:23:17 +0000] \"POST /api/auth/sign-up HTTP/1.1\" 500 405 \"-\" \"HTTPie\"","service":"acquisitions-api"}
{"level":"error","message":"Error creating user:  Cannot convert undefined or null to object","service":"acquisitions-api","stack":"TypeError: Cannot convert undefined or null to object\n    at Function.entries (<anonymous>)\n    at orderSelectedFields (file:///C:/Users/khalid/OneDrive/Desktop/acquisitions/node_modules/drizzle-orm/utils.js:53:17)\n    at file:///C:/Users/khalid/OneDrive/Desktop/acquisitions/node_modules/drizzle-orm/utils.js:63:22\n    at Array.reduce (<anonymous>)\n    at orderSelectedFields (file:///C:/Users/khalid/OneDrive/Desktop/acquisitions/node_modules/drizzle-orm/utils.js:53:33)\n    at QueryPromise.returning (file:///C:/Users/khalid/OneDrive/Desktop/acquisitions/node_modules/drizzle-orm/pg-core/query-builders/insert.js:75:29)\n    at createUser (file:///C:/Users/khalid/OneDrive/Desktop/acquisitions/src/services/auth.service.js:36:8)\n    at async signup (file:///C:/Users/khalid/OneDrive/Desktop/acquisitions/src/controller/auth.controller.js:21:18)"}
{"level":"error","message":"Signup error:  User creation failed","service":"acquisitions-api","stack":"Error: User creation failed\n    at createUser (file:///C:/Users/khalid/OneDrive/Desktop/acquisitions/src/services/auth.service.js:48:11)\n    at async signup (file:///C:/Users/khalid/OneDrive/Desktop/acquisitions/src/controller/auth.controller.js:21:18)"}
{"level":"info","message":"::1 - - [21/Oct/2025:22:28:07 +0000] \"POST /api/auth/sign-up HTTP/1.1\" 500 405 \"-\" \"HTTPie\"","service":"acquisitions-api"}
{"level":"info","message":"User nbgk@example.com created successfully","service":"acquisitions-api"}
{"level":"error","message":"Signup error:  cookies.set is not a function","service":"acquisitions-api","stack":"TypeError: cookies.set is not a function\n    at signup (file:///C:/Users/khalid/OneDrive/Desktop/acquisitions/src/controller/auth.controller.js:29:13)\n    at process.processTicksAndRejections (node:internal/process/task_queues:95:5)"}
{"level":"info","message":"::1 - - [21/Oct/2025:22:30:30 +0000] \"POST /api/auth/sign-up HTTP/1.1\" 500 385 \"-\" \"HTTPie\"","service":"acquisitions-api"}
{"level":"info","message":"User nbgk@example.com created successfully","service":"acquisitions-api"}
{"level":"info","message":"User registration successfully : nbgk@example.com","service":"acquisitions-api"}
{"level":"info","message":"::1 - - [21/Oct/2025:22:33:07 +0000] \"POST /api/auth/sign-up HTTP/1.1\" 201 94 \"-\" \"HTTPie\"","service":"acquisitions-api"}
{"level":"info","message":"User nbgk@example.com logged in successfully","service":"acquisitions-api"}
{"level":"info","message":"User login successful: nbgk@example.com","service":"acquisitions-api"}
{"level":"info","message":"::1 - - [22/Oct/2025:14:52:10 +0000] \"POST /api/auth/sign-in HTTP/1.1\" 200 102 \"-\" \"HTTPie\"","service":"acquisitions-api"}
{"level":"info","message":"User logged out successfully","service":"acquisitions-api"}
{"level":"info","message":"::1 - - [22/Oct/2025:14:53:18 +0000] \"POST /api/auth/sign-out HTTP/1.1\" 200 31 \"-\" \"HTTPie\"","service":"acquisitions-api"}
{"level":"info","message":"::1 - - [22/Oct/2025:15:37:59 +0000] \"GET /api/auth/health HTTP/1.1\" 404 154 \"-\" \"HTTPie\"","service":"acquisitions-api"}
{"level":"info","message":"::1 - - [22/Oct/2025:15:38:52 +0000] \"GET /health HTTP/1.1\" 200 74 \"-\" \"HTTPie\"","service":"acquisitions-api"}
{"level":"info","message":"::1 - - [22/Oct/2025:15:39:03 +0000] \"GET /health HTTP/1.1\" 200 75 \"-\" \"HTTPie\"","service":"acquisitions-api"}
{"level":"info","message":"::1 - - [22/Oct/2025:15:39:04 +0000] \"GET /health HTTP/1.1\" 200 75 \"-\" \"HTTPie\"","service":"acquisitions-api"}
{"level":"info","message":"::1 - - [22/Oct/2025:15:39:04 +0000] \"GET /health HTTP/1.1\" 200 75 \"-\" \"HTTPie\"","service":"acquisitions-api"}
{"level":"info","message":"::1 - - [22/Oct/2025:15:39:05 +0000] \"GET /health HTTP/1.1\" 200 75 \"-\" \"HTTPie\"","service":"acquisitions-api"}
{"level":"info","message":"::1 - - [22/Oct/2025:15:39:05 +0000] \"GET /health HTTP/1.1\" 200 75 \"-\" \"HTTPie\"","service":"acquisitions-api"}
{"ip":"::1","level":"warn","message":"Rate limit exceeded","path":"/health","service":"acquisitions-api","userAgent":"HTTPie"}
{"level":"info","message":"::1 - - [22/Oct/2025:15:39:06 +0000] \"GET /health HTTP/1.1\" 403 51 \"-\" \"HTTPie\"","service":"acquisitions-api"}
{"ip":"::1","level":"warn","message":"Rate limit exceeded","path":"/health","service":"acquisitions-api","userAgent":"HTTPie"}
{"level":"info","message":"::1 - - [22/Oct/2025:15:39:06 +0000] \"GET /health HTTP/1.1\" 403 51 \"-\" \"HTTPie\"","service":"acquisitions-api"}
{"ip":"::1","level":"warn","message":"Rate limit exceeded","path":"/health","service":"acquisitions-api","userAgent":"HTTPie"}
{"level":"info","message":"::1 - - [22/Oct/2025:15:39:06 +0000] \"GET /health HTTP/1.1\" 403 51 \"-\" \"HTTPie\"","service":"acquisitions-api"}
{"level":"info","message":"::1 - - [22/Oct/2025:22:36:37 +0000] \"GET /health HTTP/1.1\" 200 73 \"-\" \"HTTPie\"","service":"acquisitions-api"}
{"level":"info","message":"::1 - - [22/Oct/2025:22:43:24 +0000] \"GET /health HTTP/1.1\" 200 75 \"-\" \"-\"","service":"acquisitions-api"}
{"level":"info","message":"::ffff:172.22.0.1 - - [22/Oct/2025:22:43:31 +0000] \"GET / HTTP/1.1\" - - \"-\" \"Mozilla/5.0 (Windows NT 10.0; Win64; x64) AppleWebKit/537.36 (KHTML, like Gecko) Chrome/141.0.0.0 Safari/537.36\"","service":"acquisitions-api"}
{"level":"info","message":"Hello from Acquisitions !","service":"acquisitions-api"}
{"level":"info","message":"Hello from Acquisitions !","service":"acquisitions-api"}
{"level":"info","message":"::ffff:172.22.0.1 - - [22/Oct/2025:22:43:33 +0000] \"GET / HTTP/1.1\" 200 25 \"-\" \"Mozilla/5.0 (Windows NT 10.0; Win64; x64) AppleWebKit/537.36 (KHTML, like Gecko) Chrome/141.0.0.0 Safari/537.36\"","service":"acquisitions-api"}
{"level":"info","message":"::ffff:172.22.0.1 - - [22/Oct/2025:22:43:35 +0000] \"GET /favicon.ico HTTP/1.1\" 404 150 \"-\" \"Mozilla/5.0 (Windows NT 10.0; Win64; x64) AppleWebKit/537.36 (KHTML, like Gecko) Chrome/141.0.0.0 Safari/537.36\"","service":"acquisitions-api"}
{"level":"info","message":"::1 - - [22/Oct/2025:22:43:54 +0000] \"GET /health HTTP/1.1\" 200 76 \"-\" \"-\"","service":"acquisitions-api"}
{"level":"info","message":"::1 - - [22/Oct/2025:22:44:24 +0000] \"GET /health HTTP/1.1\" 200 76 \"-\" \"-\"","service":"acquisitions-api"}
{"level":"info","message":"::1 - - [22/Oct/2025:22:44:55 +0000] \"GET /health HTTP/1.1\" 200 75 \"-\" \"-\"","service":"acquisitions-api"}
{"level":"info","message":"::1 - - [22/Oct/2025:22:45:25 +0000] \"GET /health HTTP/1.1\" 200 76 \"-\" \"-\"","service":"acquisitions-api"}
{"level":"info","message":"::1 - - [22/Oct/2025:22:45:55 +0000] \"GET /health HTTP/1.1\" 200 77 \"-\" \"-\"","service":"acquisitions-api"}
{"level":"info","message":"::1 - - [22/Oct/2025:22:46:26 +0000] \"GET /health HTTP/1.1\" 200 77 \"-\" \"-\"","service":"acquisitions-api"}
{"level":"info","message":"::1 - - [22/Oct/2025:22:46:56 +0000] \"GET /health HTTP/1.1\" 200 77 \"-\" \"-\"","service":"acquisitions-api"}
{"level":"info","message":"::1 - - [22/Oct/2025:22:47:27 +0000] \"GET /health HTTP/1.1\" 200 77 \"-\" \"-\"","service":"acquisitions-api"}
{"level":"info","message":"::1 - - [22/Oct/2025:22:47:57 +0000] \"GET /health HTTP/1.1\" 200 77 \"-\" \"-\"","service":"acquisitions-api"}
{"level":"info","message":"::1 - - [22/Oct/2025:22:48:27 +0000] \"GET /health HTTP/1.1\" 200 77 \"-\" \"-\"","service":"acquisitions-api"}
{"level":"info","message":"::1 - - [22/Oct/2025:22:48:58 +0000] \"GET /health HTTP/1.1\" 200 77 \"-\" \"-\"","service":"acquisitions-api"}
{"level":"info","message":"::1 - - [22/Oct/2025:22:49:28 +0000] \"GET /health HTTP/1.1\" 200 77 \"-\" \"-\"","service":"acquisitions-api"}
{"level":"info","message":"::1 - - [22/Oct/2025:22:49:59 +0000] \"GET /health HTTP/1.1\" 200 77 \"-\" \"-\"","service":"acquisitions-api"}
{"level":"info","message":"::1 - - [22/Oct/2025:22:50:29 +0000] \"GET /health HTTP/1.1\" 200 77 \"-\" \"-\"","service":"acquisitions-api"}
{"level":"info","message":"::1 - - [22/Oct/2025:22:50:59 +0000] \"GET /health HTTP/1.1\" 200 77 \"-\" \"-\"","service":"acquisitions-api"}
{"level":"info","message":"::1 - - [22/Oct/2025:22:51:29 +0000] \"GET /health HTTP/1.1\" 200 75 \"-\" \"-\"","service":"acquisitions-api"}
{"level":"info","message":"::1 - - [22/Oct/2025:22:52:00 +0000] \"GET /health HTTP/1.1\" 200 77 \"-\" \"-\"","service":"acquisitions-api"}
{"level":"info","message":"::1 - - [22/Oct/2025:22:52:30 +0000] \"GET /health HTTP/1.1\" 200 77 \"-\" \"-\"","service":"acquisitions-api"}
{"level":"info","message":"::1 - - [22/Oct/2025:22:53:00 +0000] \"GET /health HTTP/1.1\" 200 77 \"-\" \"-\"","service":"acquisitions-api"}
{"level":"info","message":"::1 - - [22/Oct/2025:22:53:31 +0000] \"GET /health HTTP/1.1\" 200 77 \"-\" \"-\"","service":"acquisitions-api"}
{"level":"info","message":"::1 - - [22/Oct/2025:22:54:01 +0000] \"GET /health HTTP/1.1\" 200 76 \"-\" \"-\"","service":"acquisitions-api"}
{"level":"info","message":"::1 - - [22/Oct/2025:22:54:32 +0000] \"GET /health HTTP/1.1\" 200 77 \"-\" \"-\"","service":"acquisitions-api"}
{"level":"info","message":"::1 - - [22/Oct/2025:22:55:02 +0000] \"GET /health HTTP/1.1\" 200 77 \"-\" \"-\"","service":"acquisitions-api"}
{"level":"info","message":"::1 - - [22/Oct/2025:22:55:33 +0000] \"GET /health HTTP/1.1\" 200 77 \"-\" \"-\"","service":"acquisitions-api"}
{"cause":{"name":"NeonDbError","sourceError":{"cause":{"address":"::1","code":"ECONNREFUSED","errno":-111,"port":443,"syscall":"connect"}}},"level":"error","message":"Error creating user:  Failed query: select \"id\", \"name\", \"email\", \"password\", \"role\", \"created_at\", \"updated_at\" from \"users\" where \"users\".\"email\" = $1 limit $2\nparams: nbgkv2@example.com,1","params":["nbgkv2@example.com",1],"query":"select \"id\", \"name\", \"email\", \"password\", \"role\", \"created_at\", \"updated_at\" from \"users\" where \"users\".\"email\" = $1 limit $2","service":"acquisitions-api","stack":"Error: Failed query: select \"id\", \"name\", \"email\", \"password\", \"role\", \"created_at\", \"updated_at\" from \"users\" where \"users\".\"email\" = $1 limit $2\nparams: nbgkv2@example.com,1\n    at NeonHttpPreparedQuery.queryWithCache (file:///app/node_modules/drizzle-orm/pg-core/session.js:41:15)\n    at process.processTicksAndRejections (node:internal/process/task_queues:95:5)\n    at async NeonHttpPreparedQuery.execute (file:///app/node_modules/drizzle-orm/neon-http/session.js:45:20)\n    at async createUser (file:///app/src/services/auth.service.js:18:26)\n    at async signup (file:///app/src/controller/auth.controller.js:22:18)"}
{"cause":{"name":"NeonDbError","sourceError":{"cause":{"address":"::1","code":"ECONNREFUSED","errno":-111,"port":443,"syscall":"connect"}}},"level":"error","message":"Signup error:  Failed query: select \"id\", \"name\", \"email\", \"password\", \"role\", \"created_at\", \"updated_at\" from \"users\" where \"users\".\"email\" = $1 limit $2\nparams: nbgkv2@example.com,1","params":["nbgkv2@example.com",1],"query":"select \"id\", \"name\", \"email\", \"password\", \"role\", \"created_at\", \"updated_at\" from \"users\" where \"users\".\"email\" = $1 limit $2","service":"acquisitions-api","stack":"Error: Failed query: select \"id\", \"name\", \"email\", \"password\", \"role\", \"created_at\", \"updated_at\" from \"users\" where \"users\".\"email\" = $1 limit $2\nparams: nbgkv2@example.com,1\n    at NeonHttpPreparedQuery.queryWithCache (file:///app/node_modules/drizzle-orm/pg-core/session.js:41:15)\n    at process.processTicksAndRejections (node:internal/process/task_queues:95:5)\n    at async NeonHttpPreparedQuery.execute (file:///app/node_modules/drizzle-orm/neon-http/session.js:45:20)\n    at async createUser (file:///app/src/services/auth.service.js:18:26)\n    at async signup (file:///app/src/controller/auth.controller.js:22:18)"}
{"level":"info","message":"::ffff:172.22.0.1 - - [22/Oct/2025:22:55:59 +0000] \"POST /api/auth/sign-up HTTP/1.1\" 500 916 \"-\" \"HTTPie\"","service":"acquisitions-api"}
{"level":"info","message":"::1 - - [22/Oct/2025:22:56:03 +0000] \"GET /health HTTP/1.1\" 200 77 \"-\" \"-\"","service":"acquisitions-api"}
{"level":"info","message":"::1 - - [22/Oct/2025:22:56:34 +0000] \"GET /health HTTP/1.1\" 200 76 \"-\" \"-\"","service":"acquisitions-api"}
{"level":"info","message":"::1 - - [22/Oct/2025:22:57:04 +0000] \"GET /health HTTP/1.1\" 200 77 \"-\" \"-\"","service":"acquisitions-api"}
{"level":"info","message":"::1 - - [22/Oct/2025:22:57:34 +0000] \"GET /health HTTP/1.1\" 200 77 \"-\" \"-\"","service":"acquisitions-api"}
{"level":"info","message":"::1 - - [22/Oct/2025:22:58:05 +0000] \"GET /health HTTP/1.1\" 200 77 \"-\" \"-\"","service":"acquisitions-api"}
{"level":"info","message":"::1 - - [22/Oct/2025:22:58:35 +0000] \"GET /health HTTP/1.1\" 200 75 \"-\" \"-\"","service":"acquisitions-api"}
{"level":"info","message":"::1 - - [22/Oct/2025:22:59:06 +0000] \"GET /health HTTP/1.1\" 200 77 \"-\" \"-\"","service":"acquisitions-api"}
{"level":"info","message":"::1 - - [22/Oct/2025:22:59:36 +0000] \"GET /health HTTP/1.1\" 200 77 \"-\" \"-\"","service":"acquisitions-api"}
{"level":"info","message":"::1 - - [22/Oct/2025:23:00:06 +0000] \"GET /health HTTP/1.1\" 200 78 \"-\" \"-\"","service":"acquisitions-api"}
{"level":"info","message":"::1 - - [22/Oct/2025:23:00:37 +0000] \"GET /health HTTP/1.1\" 200 78 \"-\" \"-\"","service":"acquisitions-api"}
{"level":"info","message":"::1 - - [22/Oct/2025:23:01:07 +0000] \"GET /health HTTP/1.1\" 200 78 \"-\" \"-\"","service":"acquisitions-api"}
{"level":"info","message":"::1 - - [22/Oct/2025:23:01:37 +0000] \"GET /health HTTP/1.1\" 200 77 \"-\" \"-\"","service":"acquisitions-api"}
{"level":"info","message":"::1 - - [22/Oct/2025:23:02:08 +0000] \"GET /health HTTP/1.1\" 200 77 \"-\" \"-\"","service":"acquisitions-api"}
{"level":"info","message":"::1 - - [22/Oct/2025:23:02:38 +0000] \"GET /health HTTP/1.1\" 200 78 \"-\" \"-\"","service":"acquisitions-api"}
{"level":"info","message":"::1 - - [22/Oct/2025:23:03:08 +0000] \"GET /health HTTP/1.1\" 200 78 \"-\" \"-\"","service":"acquisitions-api"}
{"level":"info","message":"::1 - - [22/Oct/2025:23:03:39 +0000] \"GET /health HTTP/1.1\" 200 76 \"-\" \"-\"","service":"acquisitions-api"}
{"level":"info","message":"::1 - - [22/Oct/2025:23:04:09 +0000] \"GET /health HTTP/1.1\" 200 78 \"-\" \"-\"","service":"acquisitions-api"}
{"level":"info","message":"::1 - - [22/Oct/2025:23:04:39 +0000] \"GET /health HTTP/1.1\" 200 78 \"-\" \"-\"","service":"acquisitions-api"}
{"level":"info","message":"::1 - - [22/Oct/2025:23:05:10 +0000] \"GET /health HTTP/1.1\" 200 78 \"-\" \"-\"","service":"acquisitions-api"}
{"level":"info","message":"::1 - - [22/Oct/2025:23:05:40 +0000] \"GET /health HTTP/1.1\" 200 78 \"-\" \"-\"","service":"acquisitions-api"}
{"level":"info","message":"::1 - - [22/Oct/2025:23:06:10 +0000] \"GET /health HTTP/1.1\" 200 78 \"-\" \"-\"","service":"acquisitions-api"}
{"level":"info","message":"::1 - - [22/Oct/2025:23:06:41 +0000] \"GET /health HTTP/1.1\" 200 78 \"-\" \"-\"","service":"acquisitions-api"}
{"level":"info","message":"::1 - - [22/Oct/2025:23:07:11 +0000] \"GET /health HTTP/1.1\" 200 78 \"-\" \"-\"","service":"acquisitions-api"}
{"level":"info","message":"::1 - - [22/Oct/2025:23:07:42 +0000] \"GET /health HTTP/1.1\" 200 78 \"-\" \"-\"","service":"acquisitions-api"}
{"level":"info","message":"::1 - - [22/Oct/2025:23:08:12 +0000] \"GET /health HTTP/1.1\" 200 78 \"-\" \"-\"","service":"acquisitions-api"}
{"level":"info","message":"::1 - - [22/Oct/2025:23:08:42 +0000] \"GET /health HTTP/1.1\" 200 77 \"-\" \"-\"","service":"acquisitions-api"}
{"level":"info","message":"::1 - - [22/Oct/2025:23:09:13 +0000] \"GET /health HTTP/1.1\" 200 78 \"-\" \"-\"","service":"acquisitions-api"}
{"level":"info","message":"::1 - - [22/Oct/2025:23:09:43 +0000] \"GET /health HTTP/1.1\" 200 78 \"-\" \"-\"","service":"acquisitions-api"}
{"level":"info","message":"::1 - - [22/Oct/2025:23:10:14 +0000] \"GET /health HTTP/1.1\" 200 78 \"-\" \"-\"","service":"acquisitions-api"}
{"level":"info","message":"::1 - - [22/Oct/2025:23:10:44 +0000] \"GET /health HTTP/1.1\" 200 77 \"-\" \"-\"","service":"acquisitions-api"}
{"level":"info","message":"::1 - - [22/Oct/2025:23:11:14 +0000] \"GET /health HTTP/1.1\" 200 78 \"-\" \"-\"","service":"acquisitions-api"}
{"level":"info","message":"::1 - - [22/Oct/2025:23:11:45 +0000] \"GET /health HTTP/1.1\" 200 78 \"-\" \"-\"","service":"acquisitions-api"}
{"level":"info","message":"::1 - - [22/Oct/2025:23:12:15 +0000] \"GET /health HTTP/1.1\" 200 78 \"-\" \"-\"","service":"acquisitions-api"}
{"level":"info","message":"::1 - - [22/Oct/2025:23:12:46 +0000] \"GET /health HTTP/1.1\" 200 78 \"-\" \"-\"","service":"acquisitions-api"}
{"level":"info","message":"::1 - - [22/Oct/2025:23:13:16 +0000] \"GET /health HTTP/1.1\" 200 78 \"-\" \"-\"","service":"acquisitions-api"}
{"level":"info","message":"::1 - - [22/Oct/2025:23:13:46 +0000] \"GET /health HTTP/1.1\" 200 78 \"-\" \"-\"","service":"acquisitions-api"}
{"level":"info","message":"::1 - - [22/Oct/2025:23:14:17 +0000] \"GET /health HTTP/1.1\" 200 78 \"-\" \"-\"","service":"acquisitions-api"}
{"level":"info","message":"::1 - - [22/Oct/2025:23:14:47 +0000] \"GET /health HTTP/1.1\" 200 78 \"-\" \"-\"","service":"acquisitions-api"}
{"cause":{"name":"NeonDbError","sourceError":{"cause":{"address":"::1","code":"ECONNREFUSED","errno":-111,"port":443,"syscall":"connect"}}},"level":"error","message":"Error creating user:  Failed query: select \"id\", \"name\", \"email\", \"password\", \"role\", \"created_at\", \"updated_at\" from \"users\" where \"users\".\"email\" = $1 limit $2\nparams: nbgkv2@example.com,1","params":["nbgkv2@example.com",1],"query":"select \"id\", \"name\", \"email\", \"password\", \"role\", \"created_at\", \"updated_at\" from \"users\" where \"users\".\"email\" = $1 limit $2","service":"acquisitions-api","stack":"Error: Failed query: select \"id\", \"name\", \"email\", \"password\", \"role\", \"created_at\", \"updated_at\" from \"users\" where \"users\".\"email\" = $1 limit $2\nparams: nbgkv2@example.com,1\n    at NeonHttpPreparedQuery.queryWithCache (file:///app/node_modules/drizzle-orm/pg-core/session.js:41:15)\n    at process.processTicksAndRejections (node:internal/process/task_queues:95:5)\n    at async NeonHttpPreparedQuery.execute (file:///app/node_modules/drizzle-orm/neon-http/session.js:45:20)\n    at async createUser (file:///app/src/services/auth.service.js:18:26)\n    at async signup (file:///app/src/controller/auth.controller.js:22:18)"}
{"cause":{"name":"NeonDbError","sourceError":{"cause":{"address":"::1","code":"ECONNREFUSED","errno":-111,"port":443,"syscall":"connect"}}},"level":"error","message":"Signup error:  Failed query: select \"id\", \"name\", \"email\", \"password\", \"role\", \"created_at\", \"updated_at\" from \"users\" where \"users\".\"email\" = $1 limit $2\nparams: nbgkv2@example.com,1","params":["nbgkv2@example.com",1],"query":"select \"id\", \"name\", \"email\", \"password\", \"role\", \"created_at\", \"updated_at\" from \"users\" where \"users\".\"email\" = $1 limit $2","service":"acquisitions-api","stack":"Error: Failed query: select \"id\", \"name\", \"email\", \"password\", \"role\", \"created_at\", \"updated_at\" from \"users\" where \"users\".\"email\" = $1 limit $2\nparams: nbgkv2@example.com,1\n    at NeonHttpPreparedQuery.queryWithCache (file:///app/node_modules/drizzle-orm/pg-core/session.js:41:15)\n    at process.processTicksAndRejections (node:internal/process/task_queues:95:5)\n    at async NeonHttpPreparedQuery.execute (file:///app/node_modules/drizzle-orm/neon-http/session.js:45:20)\n    at async createUser (file:///app/src/services/auth.service.js:18:26)\n    at async signup (file:///app/src/controller/auth.controller.js:22:18)"}
{"level":"info","message":"::ffff:172.22.0.1 - - [22/Oct/2025:23:14:56 +0000] \"POST /api/auth/sign-up HTTP/1.1\" 500 916 \"-\" \"HTTPie\"","service":"acquisitions-api"}
{"cause":{"name":"NeonDbError","sourceError":{"cause":{"address":"::1","code":"ECONNREFUSED","errno":-111,"port":443,"syscall":"connect"}}},"level":"error","message":"Error creating user:  Failed query: select \"id\", \"name\", \"email\", \"password\", \"role\", \"created_at\", \"updated_at\" from \"users\" where \"users\".\"email\" = $1 limit $2\nparams: nbgkv2@example.com,1","params":["nbgkv2@example.com",1],"query":"select \"id\", \"name\", \"email\", \"password\", \"role\", \"created_at\", \"updated_at\" from \"users\" where \"users\".\"email\" = $1 limit $2","service":"acquisitions-api","stack":"Error: Failed query: select \"id\", \"name\", \"email\", \"password\", \"role\", \"created_at\", \"updated_at\" from \"users\" where \"users\".\"email\" = $1 limit $2\nparams: nbgkv2@example.com,1\n    at NeonHttpPreparedQuery.queryWithCache (file:///app/node_modules/drizzle-orm/pg-core/session.js:41:15)\n    at process.processTicksAndRejections (node:internal/process/task_queues:95:5)\n    at async NeonHttpPreparedQuery.execute (file:///app/node_modules/drizzle-orm/neon-http/session.js:45:20)\n    at async createUser (file:///app/src/services/auth.service.js:18:26)\n    at async signup (file:///app/src/controller/auth.controller.js:22:18)"}
{"cause":{"name":"NeonDbError","sourceError":{"cause":{"address":"::1","code":"ECONNREFUSED","errno":-111,"port":443,"syscall":"connect"}}},"level":"error","message":"Signup error:  Failed query: select \"id\", \"name\", \"email\", \"password\", \"role\", \"created_at\", \"updated_at\" from \"users\" where \"users\".\"email\" = $1 limit $2\nparams: nbgkv2@example.com,1","params":["nbgkv2@example.com",1],"query":"select \"id\", \"name\", \"email\", \"password\", \"role\", \"created_at\", \"updated_at\" from \"users\" where \"users\".\"email\" = $1 limit $2","service":"acquisitions-api","stack":"Error: Failed query: select \"id\", \"name\", \"email\", \"password\", \"role\", \"created_at\", \"updated_at\" from \"users\" where \"users\".\"email\" = $1 limit $2\nparams: nbgkv2@example.com,1\n    at NeonHttpPreparedQuery.queryWithCache (file:///app/node_modules/drizzle-orm/pg-core/session.js:41:15)\n    at process.processTicksAndRejections (node:internal/process/task_queues:95:5)\n    at async NeonHttpPreparedQuery.execute (file:///app/node_modules/drizzle-orm/neon-http/session.js:45:20)\n    at async createUser (file:///app/src/services/auth.service.js:18:26)\n    at async signup (file:///app/src/controller/auth.controller.js:22:18)"}
{"level":"info","message":"::ffff:172.22.0.1 - - [22/Oct/2025:23:15:09 +0000] \"POST /api/auth/sign-up HTTP/1.1\" 500 916 \"-\" \"HTTPie\"","service":"acquisitions-api"}
{"level":"info","message":"::1 - - [22/Oct/2025:23:15:18 +0000] \"GET /health HTTP/1.1\" 200 78 \"-\" \"-\"","service":"acquisitions-api"}
{"level":"info","message":"::1 - - [22/Oct/2025:23:15:48 +0000] \"GET /health HTTP/1.1\" 200 78 \"-\" \"-\"","service":"acquisitions-api"}
{"level":"info","message":"::1 - - [22/Oct/2025:23:36:15 +0000] \"GET /health HTTP/1.1\" 200 75 \"-\" \"-\"","service":"acquisitions-api"}
{"level":"info","message":"::1 - - [22/Oct/2025:23:36:46 +0000] \"GET /health HTTP/1.1\" 200 75 \"-\" \"-\"","service":"acquisitions-api"}
{"level":"info","message":"::1 - - [22/Oct/2025:23:37:16 +0000] \"GET /health HTTP/1.1\" 200 76 \"-\" \"-\"","service":"acquisitions-api"}
{"level":"info","message":"::1 - - [22/Oct/2025:23:37:46 +0000] \"GET /health HTTP/1.1\" 200 76 \"-\" \"-\"","service":"acquisitions-api"}
{"level":"info","message":"::1 - - [22/Oct/2025:23:38:17 +0000] \"GET /health HTTP/1.1\" 200 77 \"-\" \"-\"","service":"acquisitions-api"}
{"level":"info","message":"::1 - - [22/Oct/2025:23:38:47 +0000] \"GET /health HTTP/1.1\" 200 77 \"-\" \"-\"","service":"acquisitions-api"}
{"level":"info","message":"::1 - - [22/Oct/2025:23:39:17 +0000] \"GET /health HTTP/1.1\" 200 77 \"-\" \"-\"","service":"acquisitions-api"}
{"level":"info","message":"::1 - - [22/Oct/2025:23:39:48 +0000] \"GET /health HTTP/1.1\" 200 77 \"-\" \"-\"","service":"acquisitions-api"}
{"level":"info","message":"::1 - - [22/Oct/2025:23:40:18 +0000] \"GET /health HTTP/1.1\" 200 77 \"-\" \"-\"","service":"acquisitions-api"}
{"level":"info","message":"::1 - - [22/Oct/2025:23:40:48 +0000] \"GET /health HTTP/1.1\" 200 76 \"-\" \"-\"","service":"acquisitions-api"}
{"level":"info","message":"::1 - - [22/Oct/2025:23:41:19 +0000] \"GET /health HTTP/1.1\" 200 77 \"-\" \"-\"","service":"acquisitions-api"}
{"level":"info","message":"::1 - - [22/Oct/2025:23:41:49 +0000] \"GET /health HTTP/1.1\" 200 77 \"-\" \"-\"","service":"acquisitions-api"}
{"level":"info","message":"::1 - - [22/Oct/2025:23:42:20 +0000] \"GET /health HTTP/1.1\" 200 77 \"-\" \"-\"","service":"acquisitions-api"}
{"level":"info","message":"::1 - - [22/Oct/2025:23:42:50 +0000] \"GET /health HTTP/1.1\" 200 77 \"-\" \"-\"","service":"acquisitions-api"}
{"level":"info","message":"::1 - - [22/Oct/2025:23:43:20 +0000] \"GET /health HTTP/1.1\" 200 77 \"-\" \"-\"","service":"acquisitions-api"}
{"level":"info","message":"::1 - - [22/Oct/2025:23:43:51 +0000] \"GET /health HTTP/1.1\" 200 77 \"-\" \"-\"","service":"acquisitions-api"}
{"level":"info","message":"Hello from Acquisitions !","service":"acquisitions-api"}
{"level":"info","message":"::ffff:172.22.0.1 - - [22/Oct/2025:23:44:15 +0000] \"GET / HTTP/1.1\" 304 - \"-\" \"Mozilla/5.0 (Windows NT 10.0; Win64; x64) AppleWebKit/537.36 (KHTML, like Gecko) Chrome/141.0.0.0 Safari/537.36\"","service":"acquisitions-api"}
{"level":"info","message":"::1 - - [22/Oct/2025:23:44:21 +0000] \"GET /health HTTP/1.1\" 200 77 \"-\" \"-\"","service":"acquisitions-api"}
{"level":"info","message":"User nbgkv2@example.com created successfully","service":"acquisitions-api"}
{"level":"info","message":"User registration successfully : nbgkv2@example.com","service":"acquisitions-api"}
{"level":"info","message":"::ffff:172.22.0.1 - - [22/Oct/2025:23:44:23 +0000] \"POST /api/auth/sign-up HTTP/1.1\" 201 99 \"-\" \"HTTPie\"","service":"acquisitions-api"}
{"level":"info","message":"::1 - - [22/Oct/2025:23:44:52 +0000] \"GET /health HTTP/1.1\" 200 77 \"-\" \"-\"","service":"acquisitions-api"}
{"level":"info","message":"::1 - - [22/Oct/2025:23:45:22 +0000] \"GET /health HTTP/1.1\" 200 77 \"-\" \"-\"","service":"acquisitions-api"}
{"level":"info","message":"::1 - - [22/Oct/2025:23:45:52 +0000] \"GET /health HTTP/1.1\" 200 77 \"-\" \"-\"","service":"acquisitions-api"}
{"level":"info","message":"::1 - - [22/Oct/2025:23:46:23 +0000] \"GET /health HTTP/1.1\" 200 77 \"-\" \"-\"","service":"acquisitions-api"}
{"level":"info","message":"::1 - - [23/Oct/2025:09:37:20 +0000] \"GET /health HTTP/1.1\" 200 75 \"-\" \"-\"","service":"acquisitions-api"}
{"level":"info","message":"::1 - - [23/Oct/2025:09:37:50 +0000] \"GET /health HTTP/1.1\" 200 75 \"-\" \"-\"","service":"acquisitions-api"}
{"level":"info","message":"Hello from Acquisitions !","service":"acquisitions-api"}
{"level":"info","message":"::ffff:172.22.0.1 - - [23/Oct/2025:09:37:56 +0000] \"GET / HTTP/1.1\" 200 25 \"-\" \"Mozilla/5.0 (Windows NT 10.0; Win64; x64) AppleWebKit/537.36 (KHTML, like Gecko) Chrome/141.0.0.0 Safari/537.36\"","service":"acquisitions-api"}
{"level":"info","message":"::ffff:172.22.0.1 - - [23/Oct/2025:09:37:57 +0000] \"GET /favicon.ico HTTP/1.1\" 404 150 \"-\" \"Mozilla/5.0 (Windows NT 10.0; Win64; x64) AppleWebKit/537.36 (KHTML, like Gecko) Chrome/141.0.0.0 Safari/537.36\"","service":"acquisitions-api"}
{"level":"info","message":"::ffff:172.22.0.1 - - [23/Oct/2025:09:38:03 +0000] \"GET /users HTTP/1.1\" 404 144 \"-\" \"Mozilla/5.0 (Windows NT 10.0; Win64; x64) AppleWebKit/537.36 (KHTML, like Gecko) Chrome/141.0.0.0 Safari/537.36\"","service":"acquisitions-api"}
{"level":"info","message":"Fetching all users","service":"acquisitions-api"}
{"level":"info","message":"::ffff:172.22.0.1 - - [23/Oct/2025:09:38:11 +0000] \"GET /api/users HTTP/1.1\" 200 350 \"-\" \"Mozilla/5.0 (Windows NT 10.0; Win64; x64) AppleWebKit/537.36 (KHTML, like Gecko) Chrome/141.0.0.0 Safari/537.36\"","service":"acquisitions-api"}
{"level":"info","message":"::1 - - [23/Oct/2025:09:38:20 +0000] \"GET /health HTTP/1.1\" 200 75 \"-\" \"-\"","service":"acquisitions-api"}
{"level":"info","message":"::1 - - [23/Oct/2025:09:38:51 +0000] \"GET /health HTTP/1.1\" 200 76 \"-\" \"-\"","service":"acquisitions-api"}
{"level":"info","message":"::1 - - [23/Oct/2025:09:39:21 +0000] \"GET /health HTTP/1.1\" 200 77 \"-\" \"-\"","service":"acquisitions-api"}
{"level":"info","message":"::1 - - [23/Oct/2025:09:39:51 +0000] \"GET /health HTTP/1.1\" 200 77 \"-\" \"-\"","service":"acquisitions-api"}
{"level":"info","message":"::1 - - [23/Oct/2025:09:40:22 +0000] \"GET /health HTTP/1.1\" 200 77 \"-\" \"-\"","service":"acquisitions-api"}
{"level":"info","message":"::1 - - [23/Oct/2025:09:40:52 +0000] \"GET /health HTTP/1.1\" 200 77 \"-\" \"-\"","service":"acquisitions-api"}
{"level":"info","message":"::1 - - [23/Oct/2025:09:41:22 +0000] \"GET /health HTTP/1.1\" 200 77 \"-\" \"-\"","service":"acquisitions-api"}
{"level":"info","message":"::1 - - [23/Oct/2025:09:41:53 +0000] \"GET /health HTTP/1.1\" 200 77 \"-\" \"-\"","service":"acquisitions-api"}
{"level":"info","message":"::1 - - [23/Oct/2025:09:42:23 +0000] \"GET /health HTTP/1.1\" 200 77 \"-\" \"-\"","service":"acquisitions-api"}
{"level":"info","message":"::1 - - [23/Oct/2025:09:42:54 +0000] \"GET /health HTTP/1.1\" 200 77 \"-\" \"-\"","service":"acquisitions-api"}
{"level":"info","message":"::1 - - [23/Oct/2025:09:43:24 +0000] \"GET /health HTTP/1.1\" 200 77 \"-\" \"-\"","service":"acquisitions-api"}
{"level":"info","message":"::1 - - [23/Oct/2025:09:43:54 +0000] \"GET /health HTTP/1.1\" 200 77 \"-\" \"-\"","service":"acquisitions-api"}
{"level":"info","message":"::1 - - [23/Oct/2025:09:44:24 +0000] \"GET /health HTTP/1.1\" 200 77 \"-\" \"-\"","service":"acquisitions-api"}
{"level":"info","message":"::1 - - [23/Oct/2025:09:44:55 +0000] \"GET /health HTTP/1.1\" 200 76 \"-\" \"-\"","service":"acquisitions-api"}
{"level":"info","message":"::1 - - [23/Oct/2025:09:45:25 +0000] \"GET /health HTTP/1.1\" 200 77 \"-\" \"-\"","service":"acquisitions-api"}
{"level":"info","message":"::1 - - [23/Oct/2025:09:45:55 +0000] \"GET /health HTTP/1.1\" 200 77 \"-\" \"-\"","service":"acquisitions-api"}
{"level":"info","message":"::1 - - [23/Oct/2025:09:46:26 +0000] \"GET /health HTTP/1.1\" 200 77 \"-\" \"-\"","service":"acquisitions-api"}
{"level":"info","message":"::1 - - [23/Oct/2025:09:46:56 +0000] \"GET /health HTTP/1.1\" 200 77 \"-\" \"-\"","service":"acquisitions-api"}
{"level":"info","message":"::1 - - [23/Oct/2025:09:47:27 +0000] \"GET /health HTTP/1.1\" 200 77 \"-\" \"-\"","service":"acquisitions-api"}
{"level":"info","message":"Fetching all users","service":"acquisitions-api"}
{"level":"info","message":"::1 - - [23/Oct/2025:09:47:57 +0000] \"GET /health HTTP/1.1\" 200 76 \"-\" \"-\"","service":"acquisitions-api"}
{"level":"info","message":"::ffff:172.22.0.1 - - [23/Oct/2025:09:47:57 +0000] \"GET /api/users HTTP/1.1\" 304 - \"-\" \"Mozilla/5.0 (Windows NT 10.0; Win64; x64) AppleWebKit/537.36 (KHTML, like Gecko) Chrome/141.0.0.0 Safari/537.36\"","service":"acquisitions-api"}
{"level":"info","message":"::ffff:172.22.0.1 - - [23/Oct/2025:09:48:12 +0000] \"GET /api/users/2 HTTP/1.1\" 200 14 \"-\" \"Mozilla/5.0 (Windows NT 10.0; Win64; x64) AppleWebKit/537.36 (KHTML, like Gecko) Chrome/141.0.0.0 Safari/537.36\"","service":"acquisitions-api"}
{"level":"info","message":"::1 - - [23/Oct/2025:09:48:28 +0000] \"GET /health HTTP/1.1\" 200 77 \"-\" \"-\"","service":"acquisitions-api"}
{"level":"info","message":"Fetching user with ID: 2","service":"acquisitions-api"}
{"level":"info","message":"::ffff:172.22.0.1 - - [23/Oct/2025:09:54:01 +0000] \"GET /api/users/2 HTTP/1.1\" 200 191 \"-\" \"Mozilla/5.0 (Windows NT 10.0; Win64; x64) AppleWebKit/537.36 (KHTML, like Gecko) Chrome/141.0.0.0 Safari/537.36\"","service":"acquisitions-api"}
{"level":"info","message":"::1 - - [23/Oct/2025:09:54:10 +0000] \"GET /health HTTP/1.1\" 200 76 \"-\" \"-\"","service":"acquisitions-api"}
{"level":"info","message":"User logged out successfully","service":"acquisitions-api"}
{"level":"info","message":"::ffff:172.22.0.1 - - [23/Oct/2025:09:54:38 +0000] \"POST /api/auth/sign-out HTTP/1.1\" 200 31 \"-\" \"HTTPie\"","service":"acquisitions-api"}
{"level":"info","message":"::1 - - [23/Oct/2025:09:54:41 +0000] \"GET /health HTTP/1.1\" 200 76 \"-\" \"-\"","service":"acquisitions-api"}
{"level":"info","message":"Fetching user with ID: 2","service":"acquisitions-api"}
{"level":"info","message":"::ffff:172.22.0.1 - - [23/Oct/2025:09:54:43 +0000] \"GET /api/users/2 HTTP/1.1\" 304 - \"-\" \"Mozilla/5.0 (Windows NT 10.0; Win64; x64) AppleWebKit/537.36 (KHTML, like Gecko) Chrome/141.0.0.0 Safari/537.36\"","service":"acquisitions-api"}
{"level":"info","message":"::1 - - [23/Oct/2025:09:55:11 +0000] \"GET /health HTTP/1.1\" 200 76 \"-\" \"-\"","service":"acquisitions-api"}
{"level":"info","message":"User nbgk@example.com logged in successfully","service":"acquisitions-api"}
{"level":"info","message":"User login successful: nbgk@example.com","service":"acquisitions-api"}
{"level":"info","message":"::ffff:172.22.0.1 - - [23/Oct/2025:09:55:23 +0000] \"POST /api/auth/sign-in HTTP/1.1\" 200 102 \"-\" \"HTTPie\"","service":"acquisitions-api"}
{"level":"info","message":"::1 - - [23/Oct/2025:09:55:41 +0000] \"GET /health HTTP/1.1\" 200 77 \"-\" \"-\"","service":"acquisitions-api"}
{"level":"info","message":"::1 - - [23/Oct/2025:09:56:12 +0000] \"GET /health HTTP/1.1\" 200 76 \"-\" \"-\"","service":"acquisitions-api"}
{"level":"info","message":"::1 - - [23/Oct/2025:09:56:42 +0000] \"GET /health HTTP/1.1\" 200 77 \"-\" \"-\"","service":"acquisitions-api"}
{"level":"info","message":"::1 - - [23/Oct/2025:09:57:12 +0000] \"GET /health HTTP/1.1\" 200 77 \"-\" \"-\"","service":"acquisitions-api"}
{"level":"info","message":"::1 - - [23/Oct/2025:09:57:43 +0000] \"GET /health HTTP/1.1\" 200 77 \"-\" \"-\"","service":"acquisitions-api"}
{"level":"info","message":"::1 - - [23/Oct/2025:09:58:13 +0000] \"GET /health HTTP/1.1\" 200 77 \"-\" \"-\"","service":"acquisitions-api"}
{"level":"info","message":"::1 - - [23/Oct/2025:09:58:43 +0000] \"GET /health HTTP/1.1\" 200 77 \"-\" \"-\"","service":"acquisitions-api"}
{"level":"info","message":"::1 - - [23/Oct/2025:09:59:14 +0000] \"GET /health HTTP/1.1\" 200 76 \"-\" \"-\"","service":"acquisitions-api"}
{"level":"info","message":"::1 - - [23/Oct/2025:09:59:44 +0000] \"GET /health HTTP/1.1\" 200 75 \"-\" \"-\"","service":"acquisitions-api"}
{"level":"info","message":"::1 - - [23/Oct/2025:10:00:15 +0000] \"GET /health HTTP/1.1\" 200 77 \"-\" \"-\"","service":"acquisitions-api"}
{"level":"info","message":"::1 - - [23/Oct/2025:10:00:45 +0000] \"GET /health HTTP/1.1\" 200 77 \"-\" \"-\"","service":"acquisitions-api"}
{"level":"info","message":"::1 - - [23/Oct/2025:10:01:15 +0000] \"GET /health HTTP/1.1\" 200 77 \"-\" \"-\"","service":"acquisitions-api"}
{"level":"info","message":"::1 - - [23/Oct/2025:10:01:46 +0000] \"GET /health HTTP/1.1\" 200 77 \"-\" \"-\"","service":"acquisitions-api"}
{"level":"info","message":"::1 - - [23/Oct/2025:10:02:16 +0000] \"GET /health HTTP/1.1\" 200 77 \"-\" \"-\"","service":"acquisitions-api"}
{"level":"info","message":"::1 - - [23/Oct/2025:10:02:47 +0000] \"GET /health HTTP/1.1\" 200 77 \"-\" \"-\"","service":"acquisitions-api"}
{"level":"info","message":"::1 - - [23/Oct/2025:10:03:17 +0000] \"GET /health HTTP/1.1\" 200 77 \"-\" \"-\"","service":"acquisitions-api"}
{"level":"info","message":"::1 - - [23/Oct/2025:10:03:48 +0000] \"GET /health HTTP/1.1\" 200 77 \"-\" \"-\"","service":"acquisitions-api"}
{"level":"info","message":"::1 - - [23/Oct/2025:10:04:18 +0000] \"GET /health HTTP/1.1\" 200 77 \"-\" \"-\"","service":"acquisitions-api"}
{"level":"info","message":"::1 - - [23/Oct/2025:10:04:49 +0000] \"GET /health HTTP/1.1\" 200 77 \"-\" \"-\"","service":"acquisitions-api"}
{"level":"info","message":"::1 - - [23/Oct/2025:10:05:19 +0000] \"GET /health HTTP/1.1\" 200 77 \"-\" \"-\"","service":"acquisitions-api"}
{"level":"info","message":"::1 - - [23/Oct/2025:10:05:49 +0000] \"GET /health HTTP/1.1\" 200 77 \"-\" \"-\"","service":"acquisitions-api"}
{"level":"info","message":"::1 - - [23/Oct/2025:10:06:20 +0000] \"GET /health HTTP/1.1\" 200 77 \"-\" \"-\"","service":"acquisitions-api"}
{"level":"info","message":"::ffff:127.0.0.1 - - [23/Oct/2025:10:30:13 +0000] \"GET /health HTTP/1.1\" 200 73 \"-\" \"-\"","service":"acquisitions-api"}
{"level":"info","message":"::ffff:127.0.0.1 - - [23/Oct/2025:10:30:13 +0000] \"GET /api HTTP/1.1\" 200 41 \"-\" \"-\"","service":"acquisitions-api"}
{"level":"info","message":"::ffff:127.0.0.1 - - [23/Oct/2025:10:30:13 +0000] \"GET /nonexistent HTTP/1.1\" 404 27 \"-\" \"-\"","service":"acquisitions-api"}
